
> ipl-fantasy-client@1.0.0 dev
> vite


  VITE v8.0.2  ready in 205 ms

  ➜  Local:   http://localhost:3000/
  ➜  Network: use --host to expose
5:48:44 PM [vite] (client) hmr update /src/App.jsx, /src/pages/LoginPage.jsx, /src/pages/Dashboard.jsx, /src/pages/TeamBuilder.jsx, /src/pages/AdminPanel.jsx, /src/pages/GroupPage.jsx
5:48:45 PM [vite] (client) hmr invalidate /src/App.jsx Could not Fast Refresh ("TEAM_META" export is incompatible). Learn more at https://github.com/vitejs/vite-plugin-react/tree/main/packages/plugin-react#consistent-components-exports
5:48:45 PM [vite] (client) page reload src/App.jsx
5:57:55 PM [vite] (client) hmr update /src/pages/Dashboard.jsx
5:59:00 PM [vite] (client) hmr update /src/App.jsx
5:59:00 PM [vite] (client) hmr invalidate /src/App.jsx Could not Fast Refresh ("TEAM_META" export is incompatible). Learn more at https://github.com/vitejs/vite-plugin-react/tree/main/packages/plugin-react#consistent-components-exports
5:59:00 PM [vite] (client) page reload src/App.jsx
5:59:30 PM [vite] (client) hmr update /src/pages/TeamBuilder.jsx
6:00:10 PM [vite] (client) hmr update /src/pages/GroupPage.jsx
6:00:48 PM [vite] (client) hmr update /src/pages/AdminPanel.jsx
6:29:11 PM [vite] (client) hmr update /src/pages/LoginPage.jsx
7:18:01 PM [vite] (client) hmr update /src/App.jsx, /src/pages/LoginPage.jsx, /src/pages/Dashboard.jsx, /src/pages/TeamBuilder.jsx, /src/pages/AdminPanel.jsx, /src/pages/GroupPage.jsx
7:18:02 PM [vite] (client) hmr invalidate /src/App.jsx Could not Fast Refresh ("TEAM_META" export is incompatible). Learn more at https://github.com/vitejs/vite-plugin-react/tree/main/packages/plugin-react#consistent-components-exports
7:18:02 PM [vite] (client) page reload src/App.jsx
7:18:34 PM [vite] (client) hmr update /src/pages/LoginPage.jsx
7:36:11 PM [vite] (client) hmr update /src/App.jsx, /src/pages/LoginPage.jsx, /src/pages/Dashboard.jsx, /src/pages/TeamBuilder.jsx, /src/pages/AdminPanel.jsx, /src/pages/GroupPage.jsx
7:36:12 PM [vite] (client) hmr invalidate /src/App.jsx Could not Fast Refresh ("TEAM_META" export is incompatible). Learn more at https://github.com/vitejs/vite-plugin-react/tree/main/packages/plugin-react#consistent-components-exports
7:36:12 PM [vite] (client) page reload src/App.jsx
7:37:19 PM [vite] (client) hmr update /src/pages/Dashboard.jsx
7:38:10 PM [vite] (client) hmr update /src/pages/AdminPanel.jsx
1:40:54 PM [vite] (client) hmr update /src/pages/LoginPage.jsx
1:40:54 PM [vite] (client) hmr update /src/App.jsx
1:52:07 PM [vite] (client) hmr update /src/pages/Dashboard.jsx
2:03:11 PM [vite] (client) hmr update /src/pages/Dashboard.jsx
2:03:11 PM [vite] (client) hmr update /src/pages/TeamBuilder.jsx
2:17:42 PM [vite] (client) hmr update /src/pages/Dashboard.jsx
2:24:09 PM [vite] (client) hmr update /src/App.jsx
2:24:09 PM [vite] (client) hmr update /src/pages/Dashboard.jsx
2:42:03 PM [vite] (client) hmr invalidate /src/App.jsx Could not Fast Refresh ("TEAM_META" export is incompatible). Learn more at https://github.com/vitejs/vite-plugin-react/tree/main/packages/plugin-react#consistent-components-exports
2:42:03 PM [vite] (client) page reload src/App.jsx
7:09:12 PM [vite] (client) hmr update /src/pages/AdminPanel.jsx
7:09:12 PM [vite] http proxy error: /api/admin/matches
Error: connect ECONNREFUSED 127.0.0.1:5555
    at TCPConnectWrap.afterConnect [as oncomplete] (node:net:1637:16)
7:09:12 PM [vite] http proxy error: /api/admin/users
Error: connect ECONNREFUSED 127.0.0.1:5555
    at TCPConnectWrap.afterConnect [as oncomplete] (node:net:1637:16)
7:09:12 PM [vite] http proxy error: /api/settings
Error: connect ECONNREFUSED 127.0.0.1:5555
    at TCPConnectWrap.afterConnect [as oncomplete] (node:net:1637:16)
7:09:12 PM [vite] http proxy error: /api/groups/all
Error: connect ECONNREFUSED 127.0.0.1:5555
    at TCPConnectWrap.afterConnect [as oncomplete] (node:net:1637:16)
7:09:12 PM [vite] (client) [console.error] json@[native code]
@http://localhost:3000/src/api.js:7:29
7:09:12 PM [vite] (client) [console.error] json@[native code]
@http://localhost:3000/src/api.js:7:29
7:10:15 PM [vite] (client) hmr update /src/pages/Dashboard.jsx
7:10:15 PM [vite] (client) hmr update /src/App.jsx, /src/pages/LoginPage.jsx, /src/pages/Dashboard.jsx, /src/pages/TeamBuilder.jsx, /src/pages/AdminPanel.jsx, /src/pages/GroupPage.jsx
7:10:15 PM [vite] (client) hmr invalidate /src/App.jsx Could not Fast Refresh ("TEAM_META" export is incompatible). Learn more at https://github.com/vitejs/vite-plugin-react/tree/main/packages/plugin-react#consistent-components-exports
7:10:15 PM [vite] (client) page reload src/App.jsx
7:10:17 PM [vite] http proxy error: /api/players
Error: connect ECONNREFUSED 127.0.0.1:5555
    at TCPConnectWrap.afterConnect [as oncomplete] (node:net:1637:16)
7:10:17 PM [vite] http proxy error: /api/players
Error: connect ECONNREFUSED 127.0.0.1:5555
    at TCPConnectWrap.afterConnect [as oncomplete] (node:net:1637:16)
7:10:17 PM [vite] (client) [console.error] SyntaxError: The string did not match the expected pattern.
7:10:17 PM [vite] (client) [console.error] json@[native code]
@http://localhost:3000/src/api.js:7:29
7:10:26 PM [vite] http proxy error: /api/players
Error: connect ECONNREFUSED 127.0.0.1:5555
    at TCPConnectWrap.afterConnect [as oncomplete] (node:net:1637:16)
7:10:26 PM [vite] http proxy error: /api/players
Error: connect ECONNREFUSED 127.0.0.1:5555
    at TCPConnectWrap.afterConnect [as oncomplete] (node:net:1637:16)
7:10:26 PM [vite] (client) [console.error] json@[native code]
@http://localhost:3000/src/api.js:7:29
7:10:26 PM [vite] (client) [console.error] json@[native code]
@http://localhost:3000/src/api.js:7:29
7:11:58 PM [vite] http proxy error: /api/players
Error: connect ECONNREFUSED 127.0.0.1:5555
    at TCPConnectWrap.afterConnect [as oncomplete] (node:net:1637:16)
7:11:58 PM [vite] http proxy error: /api/players
Error: connect ECONNREFUSED 127.0.0.1:5555
    at TCPConnectWrap.afterConnect [as oncomplete] (node:net:1637:16)
7:11:58 PM [vite] (client) [console.error] json@[native code]
@http://localhost:3000/src/api.js:7:29
7:11:58 PM [vite] (client) [console.error] SyntaxError: The string did not match the expected pattern.
7:12:09 PM [vite] http proxy error: /api/login
Error: connect ECONNREFUSED 127.0.0.1:5555
    at TCPConnectWrap.afterConnect [as oncomplete] (node:net:1637:16)
7:12:17 PM [vite] http proxy error: /api/login
Error: connect ECONNREFUSED 127.0.0.1:5555
    at TCPConnectWrap.afterConnect [as oncomplete] (node:net:1637:16)
7:12:21 PM [vite] http proxy error: /api/players
Error: connect ECONNREFUSED 127.0.0.1:5555
    at TCPConnectWrap.afterConnect [as oncomplete] (node:net:1637:16)
7:12:21 PM [vite] http proxy error: /api/players
Error: connect ECONNREFUSED 127.0.0.1:5555
    at TCPConnectWrap.afterConnect [as oncomplete] (node:net:1637:16)
7:12:21 PM [vite] (client) [console.error] SyntaxError: The string did not match the expected pattern.
7:12:21 PM [vite] (client) [console.error] SyntaxError: The string did not match the expected pattern.
7:12:23 PM [vite] http proxy error: /api/players
Error: connect ECONNREFUSED 127.0.0.1:5555
    at TCPConnectWrap.afterConnect [as oncomplete] (node:net:1637:16)
7:12:23 PM [vite] http proxy error: /api/players
Error: connect ECONNREFUSED 127.0.0.1:5555
    at TCPConnectWrap.afterConnect [as oncomplete] (node:net:1637:16)
7:12:23 PM [vite] (client) [console.error] SyntaxError: The string did not match the expected pattern.
7:12:23 PM [vite] (client) [console.error] json@[native code]
@http://localhost:3000/src/api.js:7:29
7:12:32 PM [vite] http proxy error: /api/login
Error: connect ECONNREFUSED 127.0.0.1:5555
    at TCPConnectWrap.afterConnect [as oncomplete] (node:net:1637:16)
7:12:40 PM [vite] http proxy error: /api/login
Error: connect ECONNREFUSED 127.0.0.1:5555
    at TCPConnectWrap.afterConnect [as oncomplete] (node:net:1637:16)
7:12:40 PM [vite] http proxy error: /api/login
Error: connect ECONNREFUSED 127.0.0.1:5555
    at TCPConnectWrap.afterConnect [as oncomplete] (node:net:1637:16)
7:12:57 PM [vite] http proxy error: /api/login
Error: connect ECONNREFUSED 127.0.0.1:5555
    at TCPConnectWrap.afterConnect [as oncomplete] (node:net:1637:16)
7:13:03 PM [vite] http proxy error: /api/login
Error: connect ECONNREFUSED 127.0.0.1:5555
    at TCPConnectWrap.afterConnect [as oncomplete] (node:net:1637:16)
10:33:05 PM [vite] (client) hmr update /src/App.jsx, /src/pages/LoginPage.jsx, /src/pages/Dashboard.jsx, /src/pages/TeamBuilder.jsx, /src/pages/AdminPanel.jsx, /src/pages/GroupPage.jsx
10:33:06 PM [vite] (client) hmr update /src/pages/AdminPanel.jsx
12:37:57 PM [vite] (client) hmr update /src/App.jsx, /src/pages/LoginPage.jsx, /src/pages/Dashboard.jsx, /src/pages/TeamBuilder.jsx, /src/pages/AdminPanel.jsx, /src/pages/GroupPage.jsx
12:43:18 PM [vite] (client) hmr invalidate /src/App.jsx Could not Fast Refresh ("TEAM_META" export is incompatible). Learn more at https://github.com/vitejs/vite-plugin-react/tree/main/packages/plugin-react#consistent-components-exports
12:43:18 PM [vite] (client) page reload src/App.jsx
12:56:32 PM [vite] (client) hmr update /src/App.jsx, /src/pages/LoginPage.jsx, /src/pages/Dashboard.jsx, /src/pages/TeamBuilder.jsx, /src/pages/AdminPanel.jsx, /src/pages/GroupPage.jsx
12:56:33 PM [vite] (client) hmr invalidate /src/App.jsx Could not Fast Refresh ("TEAM_META" export is incompatible). Learn more at https://github.com/vitejs/vite-plugin-react/tree/main/packages/plugin-react#consistent-components-exports
12:56:33 PM [vite] (client) page reload src/App.jsx
1:39:33 PM [vite] (client) hmr update /src/App.jsx, /src/pages/LoginPage.jsx, /src/pages/Dashboard.jsx, /src/pages/TeamBuilder.jsx, /src/pages/AdminPanel.jsx, /src/pages/GroupPage.jsx
1:39:33 PM [vite] (client) hmr invalidate /src/App.jsx Could not Fast Refresh ("TEAM_META" export is incompatible). Learn more at https://github.com/vitejs/vite-plugin-react/tree/main/packages/plugin-react#consistent-components-exports
1:39:33 PM [vite] (client) page reload src/App.jsx
1:46:43 PM [vite] (client) hmr update /src/App.jsx, /src/pages/LoginPage.jsx, /src/pages/Dashboard.jsx, /src/pages/TeamBuilder.jsx, /src/pages/AdminPanel.jsx, /src/pages/GroupPage.jsx
1:46:43 PM [vite] (client) hmr invalidate /src/App.jsx Could not Fast Refresh ("TEAM_META" export is incompatible). Learn more at https://github.com/vitejs/vite-plugin-react/tree/main/packages/plugin-react#consistent-components-exports
1:46:43 PM [vite] (client) page reload src/App.jsx
1:47:37 PM [vite] (client) hmr update /src/App.jsx, /src/pages/LoginPage.jsx, /src/pages/Dashboard.jsx, /src/pages/TeamBuilder.jsx, /src/pages/AdminPanel.jsx, /src/pages/GroupPage.jsx
1:47:37 PM [vite] (client) hmr invalidate /src/App.jsx Could not Fast Refresh ("TEAM_META" export is incompatible). Learn more at https://github.com/vitejs/vite-plugin-react/tree/main/packages/plugin-react#consistent-components-exports
1:47:37 PM [vite] (client) page reload src/App.jsx
1:52:58 PM [vite] (client) hmr update /src/pages/AdminPanel.jsx
1:52:58 PM [vite] (client) hmr update /src/App.jsx, /src/pages/LoginPage.jsx, /src/pages/Dashboard.jsx, /src/pages/TeamBuilder.jsx, /src/pages/AdminPanel.jsx, /src/pages/GroupPage.jsx
1:52:58 PM [vite] (client) hmr update /src/pages/Dashboard.jsx
1:52:58 PM [vite] (client) hmr update /src/pages/TeamBuilder.jsx
2:43:16 PM [vite] (client) hmr update /src/pages/AdminPanel.jsx
